23:52:47.100 [main] INFO  testCases.TC004_BusinessCoursera - ---//Data Captured from Levels//---
23:52:57.662 [main] INFO  testCases.TC004_BusinessCoursera - ---//Data Captured from Languages//---
23:53:08.955 [main] INFO  testCases.TC004_BusinessCoursera - ---//Enterprise opened//---
23:53:19.025 [main] INFO  testCases.TC004_BusinessCoursera - ---//Contact Us Page Opened//---
00:02:53.256 [main] INFO  testCases.TC004_BusinessCoursera - ---//WebDevelopment Page opened//---
00:02:56.674 [main] INFO  testCases.TC004_BusinessCoursera - ---//Level Selected//---
00:03:03.180 [main] INFO  testCases.TC004_BusinessCoursera - ---//Language Selected//---
00:03:16.424 [main] INFO  testCases.TC004_BusinessCoursera - ---//Language Learning Page opened//---
00:03:16.787 [main] INFO  testCases.TC004_BusinessCoursera - ---//Data Captured from Levels//---
00:03:25.238 [main] INFO  testCases.TC004_BusinessCoursera - ---//Data Captured from Languages//---
00:03:37.555 [main] INFO  testCases.TC004_BusinessCoursera - ---//Enterprise opened//---
00:03:46.493 [main] INFO  testCases.TC004_BusinessCoursera - ---//Contact Us Page Opened//---
00:08:06.316 [main] INFO  testCases.TC004_BusinessCoursera - ---//WebDevelopment Page opened//---
00:08:09.755 [main] INFO  testCases.TC004_BusinessCoursera - ---//Level Selected//---
00:08:16.192 [main] INFO  testCases.TC004_BusinessCoursera - ---//Language Selected//---
00:08:30.060 [main] INFO  testCases.TC004_BusinessCoursera - ---//Language Learning Page opened//---
00:08:30.417 [main] INFO  testCases.TC004_BusinessCoursera - ---//Data Captured from Levels//---
00:08:38.255 [main] INFO  testCases.TC004_BusinessCoursera - ---//Data Captured from Languages//---
00:08:49.333 [main] INFO  testCases.TC004_BusinessCoursera - ---//Enterprise opened//---
00:08:58.754 [main] INFO  testCases.TC004_BusinessCoursera - ---//Contact Us Page Opened//---
00:15:27.049 [main] INFO  testCases.TC004_BusinessCoursera - ---//WebDevelopment Page opened//---
00:15:30.480 [main] INFO  testCases.TC004_BusinessCoursera - ---//Level Selected//---
00:15:37.067 [main] INFO  testCases.TC004_BusinessCoursera - ---//Language Selected//---
00:15:50.073 [main] INFO  testCases.TC004_BusinessCoursera - ---//Language Learning Page opened//---
00:15:50.453 [main] INFO  testCases.TC004_BusinessCoursera - ---//Data Captured from Levels//---
00:15:58.935 [main] INFO  testCases.TC004_BusinessCoursera - ---//Data Captured from Languages//---
00:16:09.922 [main] INFO  testCases.TC004_BusinessCoursera - ---//Enterprise opened//---
00:16:19.153 [main] INFO  testCases.TC004_BusinessCoursera - ---//Contact Us Page Opened//---
00:19:44.475 [main] INFO  testCases.TC004_BusinessCoursera - ---//WebDevelopment Page opened//---
00:19:47.879 [main] INFO  testCases.TC004_BusinessCoursera - ---//Level Selected//---
00:19:54.385 [main] INFO  testCases.TC004_BusinessCoursera - ---//Language Selected//---
00:20:07.933 [main] INFO  testCases.TC004_BusinessCoursera - ---//Language Learning Page opened//---
00:20:08.301 [main] INFO  testCases.TC004_BusinessCoursera - ---//Data Captured from Levels//---
00:20:17.071 [main] INFO  testCases.TC004_BusinessCoursera - ---//Data Captured from Languages//---
00:20:31.583 [main] INFO  testCases.TC004_BusinessCoursera - ---//Enterprise opened//---
00:20:40.160 [main] INFO  testCases.TC004_BusinessCoursera - ---//Contact Us Page Opened//---
00:37:38.157 [main] INFO  testCases.TC004_BusinessCoursera - ---//WebDevelopment Page opened//---
00:37:41.606 [main] INFO  testCases.TC004_BusinessCoursera - ---//Level Selected//---
00:37:48.290 [main] INFO  testCases.TC004_BusinessCoursera - ---//Language Selected//---
00:38:02.052 [main] INFO  testCases.TC004_BusinessCoursera - ---//Language Learning Page opened//---
00:38:02.418 [main] INFO  testCases.TC004_BusinessCoursera - ---//Data Captured from Levels//---
00:38:10.506 [main] INFO  testCases.TC004_BusinessCoursera - ---//Data Captured from Languages//---
00:38:22.978 [main] INFO  testCases.TC004_BusinessCoursera - ---//Enterprise opened//---
00:38:31.813 [main] INFO  testCases.TC004_BusinessCoursera - ---//Contact Us Page Opened//---
00:40:25.814 [main] INFO  testCases.TC004_BusinessCoursera - ---//Error Message Captured from Contact Us Page//---
00:52:37.171 [main] INFO  testCases.TC004_BusinessCoursera - ---//WebDevelopment Page opened//---
00:52:40.595 [main] INFO  testCases.TC004_BusinessCoursera - ---//Level Selected//---
00:52:47.089 [main] INFO  testCases.TC004_BusinessCoursera - ---//Language Selected//---
00:53:01.353 [main] INFO  testCases.TC004_BusinessCoursera - ---//Language Learning Page opened//---
00:53:01.712 [main] INFO  testCases.TC004_BusinessCoursera - ---//Data Captured from Levels//---
00:53:08.974 [main] INFO  testCases.TC004_BusinessCoursera - ---//Data Captured from Languages//---
00:54:13.762 [main] INFO  testCases.TC004_BusinessCoursera - ---//WebDevelopment Page opened//---
00:54:17.210 [main] INFO  testCases.TC004_BusinessCoursera - ---//Level Selected//---
