18:03:17.996 [main] INFO  testCases.TC004_BusinessCoursera - ---//Data Captured from Levels//---
18:04:45.025 [main] INFO  testCases.TC004_BusinessCoursera - ---//WebDevelopment Page opened//---
18:04:48.507 [main] INFO  testCases.TC004_BusinessCoursera - ---//Level Selected//---
18:04:55.993 [main] INFO  testCases.TC004_BusinessCoursera - ---//Language Selected//---
18:05:13.281 [main] INFO  testCases.TC004_BusinessCoursera - ---//Language Learning Page opened//---
18:05:13.639 [main] INFO  testCases.TC004_BusinessCoursera - ---//Data Captured from Levels//---
18:05:21.820 [main] INFO  testCases.TC004_BusinessCoursera - ---//Data Captured from Languages//---
18:05:43.611 [main] INFO  testCases.TC004_BusinessCoursera - ---//Enterprise opened//---
18:05:58.731 [main] INFO  testCases.TC004_BusinessCoursera - ---//Contact Us Page Opened//---
18:06:08.585 [main] INFO  testCases.TC004_BusinessCoursera - ---//Error Message Captured from Contact Us Page//---
11:26:17.916 [main] INFO  testCases.TC004_BusinessCoursera - ---//WebDevelopment Page opened//---
11:26:21.673 [main] INFO  testCases.TC004_BusinessCoursera - ---//Level Selected//---
11:26:29.405 [main] INFO  testCases.TC004_BusinessCoursera - ---//Language Selected//---
11:26:51.217 [main] INFO  testCases.TC004_BusinessCoursera - ---//Language Learning Page opened//---
11:26:51.671 [main] INFO  testCases.TC004_BusinessCoursera - ---//Data Captured from Levels//---
11:27:00.564 [main] INFO  testCases.TC004_BusinessCoursera - ---//Data Captured from Languages//---
11:27:19.619 [main] INFO  testCases.TC004_BusinessCoursera - ---//Enterprise opened//---
11:27:36.056 [main] INFO  testCases.TC004_BusinessCoursera - ---//Contact Us Page Opened//---
11:29:43.474 [main] INFO  testCases.TC004_BusinessCoursera - ---//WebDevelopment Page opened//---
11:29:47.147 [main] INFO  testCases.TC004_BusinessCoursera - ---//Level Selected//---
11:29:54.775 [main] INFO  testCases.TC004_BusinessCoursera - ---//Language Selected//---
11:30:12.906 [main] INFO  testCases.TC004_BusinessCoursera - ---//Language Learning Page opened//---
11:30:13.347 [main] INFO  testCases.TC004_BusinessCoursera - ---//Data Captured from Levels//---
11:30:21.333 [main] INFO  testCases.TC004_BusinessCoursera - ---//Data Captured from Languages//---
11:30:39.934 [main] INFO  testCases.TC004_BusinessCoursera - ---//Enterprise opened//---
11:30:55.763 [main] INFO  testCases.TC004_BusinessCoursera - ---//Contact Us Page Opened//---
11:31:09.788 [main] INFO  testCases.TC004_BusinessCoursera - ---//Error Message Captured from Contact Us Page//---
19:14:13.821 [main] INFO  testCases.TC004_BusinessCoursera - ---//WebDevelopment Page opened//---
19:14:17.355 [main] INFO  testCases.TC004_BusinessCoursera - ---//Level Selected//---
19:14:24.795 [main] INFO  testCases.TC004_BusinessCoursera - ---//Language Selected//---
19:14:39.516 [main] INFO  testCases.TC004_BusinessCoursera - ---//Language Learning Page opened//---
19:14:40.006 [main] INFO  testCases.TC004_BusinessCoursera - ---//Data Captured from Levels//---
19:14:47.939 [main] INFO  testCases.TC004_BusinessCoursera - ---//Data Captured from Languages//---
19:15:08.436 [main] INFO  testCases.TC004_BusinessCoursera - ---//Enterprise opened//---
19:15:23.086 [main] INFO  testCases.TC004_BusinessCoursera - ---//Contact Us Page Opened//---
19:15:36.567 [main] INFO  testCases.TC004_BusinessCoursera - ---//Error Message Captured from Contact Us Page//---
19:17:14.019 [main] INFO  testCases.TC004_BusinessCoursera - ---//WebDevelopment Page opened//---
19:17:17.464 [main] INFO  testCases.TC004_BusinessCoursera - ---//Level Selected//---
19:17:24.918 [main] INFO  testCases.TC004_BusinessCoursera - ---//Language Selected//---
19:17:39.273 [main] INFO  testCases.TC004_BusinessCoursera - ---//Language Learning Page opened//---
19:17:39.762 [main] INFO  testCases.TC004_BusinessCoursera - ---//Data Captured from Levels//---
19:17:46.963 [main] INFO  testCases.TC004_BusinessCoursera - ---//Data Captured from Languages//---
19:18:05.034 [main] INFO  testCases.TC004_BusinessCoursera - ---//Enterprise opened//---
19:18:57.241 [main] INFO  testCases.TC004_BusinessCoursera - ---//WebDevelopment Page opened//---
19:19:00.669 [main] INFO  testCases.TC004_BusinessCoursera - ---//Level Selected//---
19:19:08.113 [main] INFO  testCases.TC004_BusinessCoursera - ---//Language Selected//---
19:19:22.894 [main] INFO  testCases.TC004_BusinessCoursera - ---//Language Learning Page opened//---
19:19:23.366 [main] INFO  testCases.TC004_BusinessCoursera - ---//Data Captured from Levels//---
19:19:31.456 [main] INFO  testCases.TC004_BusinessCoursera - ---//Data Captured from Languages//---
19:19:49.444 [main] INFO  testCases.TC004_BusinessCoursera - ---//Enterprise opened//---
19:21:13.535 [main] INFO  testCases.TC004_BusinessCoursera - ---//WebDevelopment Page opened//---
19:21:17.005 [main] INFO  testCases.TC004_BusinessCoursera - ---//Level Selected//---
