14:38:50.873 [main] INFO  testCases.TC004_BusinessCoursera - ---//Language Learning Page opened//---
14:38:51.506 [main] INFO  testCases.TC004_BusinessCoursera - ---//Data Captured from Levels//---
14:38:59.851 [main] INFO  testCases.TC004_BusinessCoursera - ---//Data Captured from Languages//---
14:39:19.583 [main] INFO  testCases.TC004_BusinessCoursera - ---//Enterprise opened//---
14:39:35.643 [main] INFO  testCases.TC004_BusinessCoursera - ---//Contact Us Page Opened//---
14:40:54.178 [main] INFO  testCases.TC004_BusinessCoursera - ---//WebDevelopment Page opened//---
14:40:57.901 [main] INFO  testCases.TC004_BusinessCoursera - ---//Level Selected//---
14:41:05.683 [main] INFO  testCases.TC004_BusinessCoursera - ---//Language Selected//---
17:33:18.776 [main] INFO  testCases.TC004_BusinessCoursera - ---//WebDevelopment Page opened//---
17:33:22.293 [main] INFO  testCases.TC004_BusinessCoursera - ---//Level Selected//---
17:33:29.812 [main] INFO  testCases.TC004_BusinessCoursera - ---//Language Selected//---
17:33:46.444 [main] INFO  testCases.TC004_BusinessCoursera - ---//Language Learning Page opened//---
17:33:46.965 [main] INFO  testCases.TC004_BusinessCoursera - ---//Data Captured from Levels//---
17:33:54.665 [main] INFO  testCases.TC004_BusinessCoursera - ---//Data Captured from Languages//---
17:34:13.400 [main] INFO  testCases.TC004_BusinessCoursera - ---//Enterprise opened//---
17:34:32.116 [main] INFO  testCases.TC004_BusinessCoursera - ---//Contact Us Page Opened//---
17:38:45.519 [main] INFO  testCases.TC004_BusinessCoursera - ---//WebDevelopment Page opened//---
17:38:49.233 [main] INFO  testCases.TC004_BusinessCoursera - ---//Level Selected//---
17:38:56.976 [main] INFO  testCases.TC004_BusinessCoursera - ---//Language Selected//---
17:39:16.692 [main] INFO  testCases.TC004_BusinessCoursera - ---//Language Learning Page opened//---
17:39:17.243 [main] INFO  testCases.TC004_BusinessCoursera - ---//Data Captured from Levels//---
17:39:26.185 [main] INFO  testCases.TC004_BusinessCoursera - ---//Data Captured from Languages//---
17:39:49.034 [main] INFO  testCases.TC004_BusinessCoursera - ---//Enterprise opened//---
17:47:07.305 [main] INFO  testCases.TC004_BusinessCoursera - ---//WebDevelopment Page opened//---
17:47:10.863 [main] INFO  testCases.TC004_BusinessCoursera - ---//Level Selected//---
17:47:18.342 [main] INFO  testCases.TC004_BusinessCoursera - ---//Language Selected//---
17:47:56.461 [main] INFO  testCases.TC004_BusinessCoursera - ---//Language Learning Page opened//---
17:47:56.923 [main] INFO  testCases.TC004_BusinessCoursera - ---//Data Captured from Levels//---
17:48:05.375 [main] INFO  testCases.TC004_BusinessCoursera - ---//Data Captured from Languages//---
17:48:24.247 [main] INFO  testCases.TC004_BusinessCoursera - ---//Enterprise opened//---
17:48:53.318 [main] INFO  testCases.TC004_BusinessCoursera - ---//Contact Us Page Opened//---
17:50:39.759 [main] INFO  testCases.TC004_BusinessCoursera - ---//WebDevelopment Page opened//---
17:50:43.245 [main] INFO  testCases.TC004_BusinessCoursera - ---//Level Selected//---
17:50:50.731 [main] INFO  testCases.TC004_BusinessCoursera - ---//Language Selected//---
17:51:06.480 [main] INFO  testCases.TC004_BusinessCoursera - ---//Language Learning Page opened//---
17:51:06.852 [main] INFO  testCases.TC004_BusinessCoursera - ---//Data Captured from Levels//---
17:51:14.768 [main] INFO  testCases.TC004_BusinessCoursera - ---//Data Captured from Languages//---
17:51:33.741 [main] INFO  testCases.TC004_BusinessCoursera - ---//Enterprise opened//---
17:51:49.060 [main] INFO  testCases.TC004_BusinessCoursera - ---//Contact Us Page Opened//---
17:51:58.017 [main] INFO  testCases.TC004_BusinessCoursera - ---//Error Message Captured from Contact Us Page//---
17:53:00.636 [main] INFO  testCases.TC004_BusinessCoursera - ---//WebDevelopment Page opened//---
17:53:04.089 [main] INFO  testCases.TC004_BusinessCoursera - ---//Level Selected//---
17:53:11.557 [main] INFO  testCases.TC004_BusinessCoursera - ---//Language Selected//---
17:53:28.566 [main] INFO  testCases.TC004_BusinessCoursera - ---//Language Learning Page opened//---
17:53:28.942 [main] INFO  testCases.TC004_BusinessCoursera - ---//Data Captured from Levels//---
17:53:44.291 [main] INFO  testCases.TC004_BusinessCoursera - ---//Data Captured from Languages//---
17:54:15.544 [main] INFO  testCases.TC004_BusinessCoursera - ---//Enterprise opened//---
17:55:30.295 [main] INFO  testCases.TC004_BusinessCoursera - ---//Contact Us Page Opened//---
17:55:38.975 [main] INFO  testCases.TC004_BusinessCoursera - ---//Error Message Captured from Contact Us Page//---
18:02:58.869 [main] INFO  testCases.TC004_BusinessCoursera - ---//WebDevelopment Page opened//---
18:03:03.148 [main] INFO  testCases.TC004_BusinessCoursera - ---//Level Selected//---
18:03:10.628 [main] INFO  testCases.TC004_BusinessCoursera - ---//Language Selected//---
18:03:17.613 [main] INFO  testCases.TC004_BusinessCoursera - ---//Language Learning Page opened//---
