22:09:56.176 [TestNG-tests-2] INFO  testCases.TC004_BusinessCoursera - ---//WebDevelopment Page opened//---
22:09:56.181 [TestNG-tests-1] INFO  testCases.TC004_BusinessCoursera - ---//Level Selected//---
22:09:59.976 [TestNG-tests-2] INFO  testCases.TC004_BusinessCoursera - ---//Level Selected//---
22:10:04.103 [TestNG-tests-1] INFO  testCases.TC004_BusinessCoursera - ---//Language Selected//---
22:10:07.785 [TestNG-tests-2] INFO  testCases.TC004_BusinessCoursera - ---//Language Selected//---
22:10:29.680 [TestNG-tests-1] INFO  testCases.TC004_BusinessCoursera - ---//Language Learning Page opened//---
22:10:39.967 [TestNG-tests-1] INFO  testCases.TC004_BusinessCoursera - ---//Data Captured from Levels//---
22:11:03.295 [TestNG-tests-2] INFO  testCases.TC004_BusinessCoursera - ---//Language Learning Page opened//---
22:11:04.929 [TestNG-tests-1] INFO  testCases.TC004_BusinessCoursera - ---//Enterprise opened//---
22:11:13.639 [TestNG-tests-2] INFO  testCases.TC004_BusinessCoursera - ---//Data Captured from Levels//---
22:16:04.069 [TestNG-tests-2] INFO  testCases.TC004_BusinessCoursera - ---//WebDevelopment Page opened//---
22:16:04.308 [TestNG-tests-1] INFO  testCases.TC002_WebDevelopmentPage - ---//Level Selected//---
22:16:07.866 [TestNG-tests-2] INFO  testCases.TC004_BusinessCoursera - ---//Level Selected//---
22:16:12.121 [TestNG-tests-1] INFO  testCases.TC002_WebDevelopmentPage - ---//Language Selected//---
22:16:15.606 [TestNG-tests-2] INFO  testCases.TC004_BusinessCoursera - ---//Language Selected//---
22:16:38.809 [TestNG-tests-1] INFO  testCases.TC002_WebDevelopmentPage - ---//Language Learning Page opened//---
22:17:03.504 [TestNG-tests-2] INFO  testCases.TC004_BusinessCoursera - ---//Language Learning Page opened//---
22:17:05.137 [TestNG-tests-1] INFO  testCases.TC002_WebDevelopmentPage - ---//Enterprise opened//---
22:17:13.891 [TestNG-tests-2] INFO  testCases.TC004_BusinessCoursera - ---//Data Captured from Levels//---
22:20:26.398 [TestNG-tests-1] INFO  testCases.TC002_WebDevelopmentPage - ---//WebDevelopment Page opened//---
22:20:26.496 [TestNG-tests-2] INFO  testCases.TC004_BusinessCoursera - ---//WebDevelopment Page opened//---
22:20:30.166 [TestNG-tests-1] INFO  testCases.TC002_WebDevelopmentPage - ---//Level Selected//---
22:20:30.401 [TestNG-tests-2] INFO  testCases.TC004_BusinessCoursera - ---//Level Selected//---
22:20:37.998 [TestNG-tests-1] INFO  testCases.TC002_WebDevelopmentPage - ---//Language Selected//---
22:20:38.299 [TestNG-tests-2] INFO  testCases.TC004_BusinessCoursera - ---//Language Selected//---
22:21:03.198 [TestNG-tests-2] INFO  testCases.TC004_BusinessCoursera - ---//Data Captured from Levels//---
22:21:05.700 [TestNG-tests-1] INFO  testCases.TC002_WebDevelopmentPage - ---//Language Learning Page opened//---
22:21:15.993 [TestNG-tests-2] INFO  testCases.TC004_BusinessCoursera - ---//Data Captured from Languages//---
22:21:38.926 [TestNG-tests-1] INFO  testCases.TC002_WebDevelopmentPage - ---//Enterprise opened//---
22:21:40.574 [TestNG-tests-2] INFO  testCases.TC004_BusinessCoursera - ---//Enterprise opened//---
22:24:41.337 [main] INFO  testCases.TC004_BusinessCoursera - ---//WebDevelopment Page opened//---
22:24:44.867 [main] INFO  testCases.TC004_BusinessCoursera - ---//Level Selected//---
22:24:52.537 [main] INFO  testCases.TC004_BusinessCoursera - ---//Language Selected//---
22:25:12.671 [main] INFO  testCases.TC004_BusinessCoursera - ---//Language Learning Page opened//---
22:25:13.096 [main] INFO  testCases.TC004_BusinessCoursera - ---//Data Captured from Levels//---
22:25:22.432 [main] INFO  testCases.TC004_BusinessCoursera - ---//Data Captured from Languages//---
22:25:48.700 [main] INFO  testCases.TC004_BusinessCoursera - ---//Enterprise opened//---
22:26:02.146 [main] INFO  testCases.TC004_BusinessCoursera - ---//Contact Us Page Opened//---
22:26:16.467 [main] INFO  testCases.TC004_BusinessCoursera - ---//Error Message Captured from Contact Us Page//---
22:28:38.645 [main] INFO  testCases.TC004_BusinessCoursera - ---//WebDevelopment Page opened//---
22:28:42.270 [main] INFO  testCases.TC004_BusinessCoursera - ---//Level Selected//---
22:28:49.894 [main] INFO  testCases.TC004_BusinessCoursera - ---//Language Selected//---
22:29:31.715 [main] INFO  testCases.TC004_BusinessCoursera - ---//Language Learning Page opened//---
22:29:32.218 [main] INFO  testCases.TC004_BusinessCoursera - ---//Data Captured from Levels//---
22:29:41.878 [main] INFO  testCases.TC004_BusinessCoursera - ---//Data Captured from Languages//---
22:29:57.322 [main] INFO  testCases.TC004_BusinessCoursera - ---//Enterprise opened//---
22:30:09.373 [main] INFO  testCases.TC004_BusinessCoursera - ---//Contact Us Page Opened//---
22:30:23.498 [main] INFO  testCases.TC004_BusinessCoursera - ---//Error Message Captured from Contact Us Page//---
22:31:32.272 [TestNG-tests-1] INFO  testCases.TC004_BusinessCoursera - ---//WebDevelopment Page opened//---
