19:21:24.465 [main] INFO  testCases.TC004_BusinessCoursera - ---//Language Selected//---
19:21:38.668 [main] INFO  testCases.TC004_BusinessCoursera - ---//Language Learning Page opened//---
19:21:39.039 [main] INFO  testCases.TC004_BusinessCoursera - ---//Data Captured from Levels//---
19:21:46.307 [main] INFO  testCases.TC004_BusinessCoursera - ---//Data Captured from Languages//---
19:22:05.110 [main] INFO  testCases.TC004_BusinessCoursera - ---//Enterprise opened//---
19:22:19.136 [main] INFO  testCases.TC004_BusinessCoursera - ---//Contact Us Page Opened//---
19:22:32.580 [main] INFO  testCases.TC004_BusinessCoursera - ---//Error Message Captured from Contact Us Page//---
19:23:59.484 [main] INFO  testCases.TC004_BusinessCoursera - ---//WebDevelopment Page opened//---
19:24:03.000 [main] INFO  testCases.TC004_BusinessCoursera - ---//Level Selected//---
19:24:10.450 [main] INFO  testCases.TC004_BusinessCoursera - ---//Language Selected//---
19:24:26.484 [main] INFO  testCases.TC004_BusinessCoursera - ---//Language Learning Page opened//---
19:24:26.813 [main] INFO  testCases.TC004_BusinessCoursera - ---//Data Captured from Levels//---
19:24:34.419 [main] INFO  testCases.TC004_BusinessCoursera - ---//Data Captured from Languages//---
19:24:53.626 [main] INFO  testCases.TC004_BusinessCoursera - ---//Enterprise opened//---
19:25:09.112 [main] INFO  testCases.TC004_BusinessCoursera - ---//Contact Us Page Opened//---
19:25:22.608 [main] INFO  testCases.TC004_BusinessCoursera - ---//Error Message Captured from Contact Us Page//---
12:39:42.220 [main] INFO  testCases.TC004_BusinessCoursera - ---//WebDevelopment Page opened//---
12:39:45.912 [main] INFO  testCases.TC004_BusinessCoursera - ---//Level Selected//---
12:39:53.500 [main] INFO  testCases.TC004_BusinessCoursera - ---//Language Selected//---
12:40:09.559 [main] INFO  testCases.TC004_BusinessCoursera - ---//Language Learning Page opened//---
12:40:09.957 [main] INFO  testCases.TC004_BusinessCoursera - ---//Data Captured from Levels//---
12:40:17.891 [main] INFO  testCases.TC004_BusinessCoursera - ---//Data Captured from Languages//---
12:40:37.521 [main] INFO  testCases.TC004_BusinessCoursera - ---//Enterprise opened//---
12:40:54.859 [main] INFO  testCases.TC004_BusinessCoursera - ---//Contact Us Page Opened//---
12:41:08.873 [main] INFO  testCases.TC004_BusinessCoursera - ---//Error Message Captured from Contact Us Page//---
15:13:43.732 [main] INFO  testCases.TC004_BusinessCoursera - ---//Data Captured from Levels//---
15:16:12.337 [main] INFO  testCases.TC004_BusinessCoursera - ---//WebDevelopment Page opened//---
15:16:15.960 [main] INFO  testCases.TC004_BusinessCoursera - ---//Level Selected//---
15:16:23.678 [main] INFO  testCases.TC004_BusinessCoursera - ---//Language Selected//---
15:16:42.901 [main] INFO  testCases.TC004_BusinessCoursera - ---//Language Learning Page opened//---
15:18:26.856 [main] INFO  testCases.TC004_BusinessCoursera - ---//WebDevelopment Page opened//---
15:18:30.434 [main] INFO  testCases.TC004_BusinessCoursera - ---//Level Selected//---
15:18:38.051 [main] INFO  testCases.TC004_BusinessCoursera - ---//Language Selected//---
15:18:53.803 [main] INFO  testCases.TC004_BusinessCoursera - ---//Language Learning Page opened//---
15:26:41.438 [main] INFO  testCases.TC004_BusinessCoursera - ---//WebDevelopment Page opened//---
15:26:44.945 [main] INFO  testCases.TC004_BusinessCoursera - ---//Level Selected//---
15:26:52.620 [main] INFO  testCases.TC004_BusinessCoursera - ---//Language Selected//---
15:27:11.316 [main] INFO  testCases.TC004_BusinessCoursera - ---//Language Learning Page opened//---
15:27:11.770 [main] INFO  testCases.TC004_BusinessCoursera - ---//Data Captured from Levels//---
15:27:20.416 [main] INFO  testCases.TC004_BusinessCoursera - ---//Data Captured from Languages//---
15:27:38.726 [main] INFO  testCases.TC004_BusinessCoursera - ---//Enterprise opened//---
15:27:54.710 [main] INFO  testCases.TC004_BusinessCoursera - ---//Contact Us Page Opened//---
15:28:08.680 [main] INFO  testCases.TC004_BusinessCoursera - ---//Error Message Captured from Contact Us Page//---
15:32:15.282 [main] INFO  testCases.TC004_BusinessCoursera - ---//Language Learning Page opened//---
15:32:16.541 [main] INFO  testCases.TC004_BusinessCoursera - ---//Data Captured from Levels//---
15:32:25.459 [main] INFO  testCases.TC004_BusinessCoursera - ---//Data Captured from Languages//---
15:32:44.157 [main] INFO  testCases.TC004_BusinessCoursera - ---//Enterprise opened//---
15:33:00.714 [main] INFO  testCases.TC004_BusinessCoursera - ---//Contact Us Page Opened//---
15:33:14.773 [main] INFO  testCases.TC004_BusinessCoursera - ---//Error Message Captured from Contact Us Page//---
15:34:11.573 [main] INFO  testCases.TC004_BusinessCoursera - ---//WebDevelopment Page opened//---
15:34:15.135 [main] INFO  testCases.TC004_BusinessCoursera - ---//Level Selected//---
15:34:22.816 [main] INFO  testCases.TC004_BusinessCoursera - ---//Language Selected//---
