22:58:23.479 [main] INFO  testCases.TC004_BusinessCoursera - ---//Language Selected//---
22:59:05.099 [main] INFO  testCases.TC004_BusinessCoursera - ---//Language Learning Page opened//---
22:59:06.156 [main] INFO  testCases.TC004_BusinessCoursera - ---//Data Captured from Levels//---
23:01:16.217 [main] INFO  testCases.TC004_BusinessCoursera - ---//WebDevelopment Page opened//---
23:01:19.728 [main] INFO  testCases.TC004_BusinessCoursera - ---//Level Selected//---
23:01:26.202 [main] INFO  testCases.TC004_BusinessCoursera - ---//Language Selected//---
23:01:51.678 [main] INFO  testCases.TC004_BusinessCoursera - ---//Language Learning Page opened//---
23:01:52.708 [main] INFO  testCases.TC004_BusinessCoursera - ---//Data Captured from Levels//---
23:08:27.687 [main] INFO  testCases.TC004_BusinessCoursera - ---//WebDevelopment Page opened//---
23:08:31.113 [main] INFO  testCases.TC004_BusinessCoursera - ---//Level Selected//---
23:08:37.629 [main] INFO  testCases.TC004_BusinessCoursera - ---//Language Selected//---
23:09:03.728 [main] INFO  testCases.TC004_BusinessCoursera - ---//Language Learning Page opened//---
23:09:04.860 [main] INFO  testCases.TC004_BusinessCoursera - ---//Data Captured from Levels//---
23:20:57.458 [main] INFO  testCases.TC004_BusinessCoursera - ---//WebDevelopment Page opened//---
23:21:00.897 [main] INFO  testCases.TC004_BusinessCoursera - ---//Level Selected//---
23:21:07.408 [main] INFO  testCases.TC004_BusinessCoursera - ---//Language Selected//---
23:21:19.948 [main] INFO  testCases.TC004_BusinessCoursera - ---//Language Learning Page opened//---
23:22:44.657 [main] INFO  testCases.TC004_BusinessCoursera - ---//WebDevelopment Page opened//---
23:22:48.139 [main] INFO  testCases.TC004_BusinessCoursera - ---//Level Selected//---
23:22:54.631 [main] INFO  testCases.TC004_BusinessCoursera - ---//Language Selected//---
23:23:08.934 [main] INFO  testCases.TC004_BusinessCoursera - ---//Language Learning Page opened//---
23:23:09.299 [main] INFO  testCases.TC004_BusinessCoursera - ---//Data Captured from Levels//---
23:28:09.158 [main] INFO  testCases.TC004_BusinessCoursera - ---//WebDevelopment Page opened//---
23:28:12.564 [main] INFO  testCases.TC004_BusinessCoursera - ---//Level Selected//---
23:28:19.000 [main] INFO  testCases.TC004_BusinessCoursera - ---//Language Selected//---
23:28:32.954 [main] INFO  testCases.TC004_BusinessCoursera - ---//Language Learning Page opened//---
23:28:33.336 [main] INFO  testCases.TC004_BusinessCoursera - ---//Data Captured from Levels//---
23:36:10.416 [main] INFO  testCases.TC004_BusinessCoursera - ---//WebDevelopment Page opened//---
23:36:14.038 [main] INFO  testCases.TC004_BusinessCoursera - ---//Level Selected//---
23:36:20.537 [main] INFO  testCases.TC004_BusinessCoursera - ---//Language Selected//---
23:36:32.853 [main] INFO  testCases.TC004_BusinessCoursera - ---//Language Learning Page opened//---
23:38:17.250 [main] INFO  testCases.TC004_BusinessCoursera - ---//WebDevelopment Page opened//---
23:38:20.686 [main] INFO  testCases.TC004_BusinessCoursera - ---//Level Selected//---
23:38:27.133 [main] INFO  testCases.TC004_BusinessCoursera - ---//Language Selected//---
23:38:40.406 [main] INFO  testCases.TC004_BusinessCoursera - ---//Language Learning Page opened//---
23:38:40.753 [main] INFO  testCases.TC004_BusinessCoursera - ---//Data Captured from Levels//---
23:38:49.048 [main] INFO  testCases.TC004_BusinessCoursera - ---//Data Captured from Languages//---
23:40:16.548 [main] INFO  testCases.TC004_BusinessCoursera - ---//WebDevelopment Page opened//---
23:40:19.949 [main] INFO  testCases.TC004_BusinessCoursera - ---//Level Selected//---
23:40:26.462 [main] INFO  testCases.TC004_BusinessCoursera - ---//Language Selected//---
23:40:39.054 [main] INFO  testCases.TC004_BusinessCoursera - ---//Language Learning Page opened//---
23:40:39.431 [main] INFO  testCases.TC004_BusinessCoursera - ---//Data Captured from Levels//---
23:40:47.402 [main] INFO  testCases.TC004_BusinessCoursera - ---//Data Captured from Languages//---
23:45:49.703 [main] INFO  testCases.TC004_BusinessCoursera - ---//WebDevelopment Page opened//---
23:45:53.185 [main] INFO  testCases.TC004_BusinessCoursera - ---//Level Selected//---
23:45:59.678 [main] INFO  testCases.TC004_BusinessCoursera - ---//Language Selected//---
23:46:15.373 [main] INFO  testCases.TC004_BusinessCoursera - ---//Language Learning Page opened//---
23:46:15.741 [main] INFO  testCases.TC004_BusinessCoursera - ---//Data Captured from Levels//---
23:46:24.741 [main] INFO  testCases.TC004_BusinessCoursera - ---//Data Captured from Languages//---
23:52:22.573 [main] INFO  testCases.TC004_BusinessCoursera - ---//WebDevelopment Page opened//---
23:52:26.043 [main] INFO  testCases.TC004_BusinessCoursera - ---//Level Selected//---
23:52:32.592 [main] INFO  testCases.TC004_BusinessCoursera - ---//Language Selected//---
23:52:46.742 [main] INFO  testCases.TC004_BusinessCoursera - ---//Language Learning Page opened//---
