10:36:33.427 [main] INFO  testCases.TC004_BusinessCoursera - ---//WebDevelopment Page opened//---
10:36:38.531 [main] INFO  testCases.TC004_BusinessCoursera - ---//Level Selected//---
10:37:23.228 [main] INFO  testCases.TC004_BusinessCoursera - ---//Language Learning Page opened//---
10:37:24.566 [main] INFO  testCases.TC004_BusinessCoursera - ---//Data Captured from Levels//---
10:37:44.918 [main] INFO  testCases.TC004_BusinessCoursera - ---//Data Captured from Languages//---
10:38:09.510 [main] INFO  testCases.TC004_BusinessCoursera - ---//Enterprise opened//---
10:38:31.665 [main] INFO  testCases.TC004_BusinessCoursera - ---//Contact Us Page Opened//---
10:38:39.984 [main] INFO  testCases.TC004_BusinessCoursera - ---//Error Message Captured from Contact Us Page//---
10:42:45.547 [main] INFO  testCases.TC004_BusinessCoursera - ---//WebDevelopment Page opened//---
10:42:50.664 [main] INFO  testCases.TC004_BusinessCoursera - ---//Level Selected//---
10:42:58.485 [main] INFO  testCases.TC004_BusinessCoursera - ---//Language Selected//---
10:43:54.791 [main] INFO  testCases.TC004_BusinessCoursera - ---//Language Learning Page opened//---
10:43:56.874 [main] INFO  testCases.TC004_BusinessCoursera - ---//Data Captured from Levels//---
10:44:23.723 [main] INFO  testCases.TC004_BusinessCoursera - ---//Data Captured from Languages//---
10:44:49.370 [main] INFO  testCases.TC004_BusinessCoursera - ---//Enterprise opened//---
10:45:14.250 [main] INFO  testCases.TC004_BusinessCoursera - ---//Contact Us Page Opened//---
10:45:22.839 [main] INFO  testCases.TC004_BusinessCoursera - ---//Error Message Captured from Contact Us Page//---
12:16:53.089 [main] INFO  testCases.TC004_BusinessCoursera - ---//WebDevelopment Page opened//---
12:16:58.280 [main] INFO  testCases.TC004_BusinessCoursera - ---//Level Selected//---
12:17:06.329 [main] INFO  testCases.TC004_BusinessCoursera - ---//Language Selected//---
12:17:40.640 [main] INFO  testCases.TC004_BusinessCoursera - ---//Language Learning Page opened//---
12:17:42.473 [main] INFO  testCases.TC004_BusinessCoursera - ---//Data Captured from Levels//---
12:18:02.823 [main] INFO  testCases.TC004_BusinessCoursera - ---//Data Captured from Languages//---
12:18:27.328 [main] INFO  testCases.TC004_BusinessCoursera - ---//Enterprise opened//---
12:18:50.091 [main] INFO  testCases.TC004_BusinessCoursera - ---//Contact Us Page Opened//---
12:19:00.224 [main] INFO  testCases.TC004_BusinessCoursera - ---//Error Message Captured from Contact Us Page//---
12:40:21.476 [main] INFO  testCases.TC004_BusinessCoursera - ---//WebDevelopment Page opened//---
12:40:27.186 [main] INFO  testCases.TC004_BusinessCoursera - ---//Level Selected//---
12:40:36.550 [main] INFO  testCases.TC004_BusinessCoursera - ---//Language Selected//---
12:51:17.580 [main] INFO  testCases.TC004_BusinessCoursera - ---//WebDevelopment Page opened//---
12:51:23.528 [main] INFO  testCases.TC004_BusinessCoursera - ---//Level Selected//---
12:51:31.767 [main] INFO  testCases.TC004_BusinessCoursera - ---//Language Selected//---
12:52:09.801 [main] INFO  testCases.TC004_BusinessCoursera - ---//Language Learning Page opened//---
12:52:12.453 [main] INFO  testCases.TC004_BusinessCoursera - ---//Data Captured from Levels//---
12:52:35.877 [main] INFO  testCases.TC004_BusinessCoursera - ---//Data Captured from Languages//---
12:52:57.706 [main] INFO  testCases.TC004_BusinessCoursera - ---//Enterprise opened//---
12:53:18.338 [main] INFO  testCases.TC004_BusinessCoursera - ---//Contact Us Page Opened//---
12:53:29.486 [main] INFO  testCases.TC004_BusinessCoursera - ---//Error Message Captured from Contact Us Page//---
12:59:35.092 [main] INFO  testCases.TC004_BusinessCoursera - ---//WebDevelopment Page opened//---
12:59:41.541 [main] INFO  testCases.TC004_BusinessCoursera - ---//Level Selected//---
13:00:21.954 [main] INFO  testCases.TC004_BusinessCoursera - ---//Language Learning Page opened//---
13:00:23.492 [main] INFO  testCases.TC004_BusinessCoursera - ---//Data Captured from Levels//---
13:00:53.147 [main] INFO  testCases.TC004_BusinessCoursera - ---//Data Captured from Languages//---
13:01:15.032 [main] INFO  testCases.TC004_BusinessCoursera - ---//Enterprise opened//---
13:01:48.623 [main] INFO  testCases.TC004_BusinessCoursera - ---//Contact Us Page Opened//---
13:02:02.194 [main] INFO  testCases.TC004_BusinessCoursera - ---//Error Message Captured from Contact Us Page//---
14:22:47.130 [main] INFO  testCases.TC004_BusinessCoursera - ---//WebDevelopment Page opened//---
14:22:51.311 [main] INFO  testCases.TC004_BusinessCoursera - ---//Level Selected//---
14:22:58.585 [main] INFO  testCases.TC004_BusinessCoursera - ---//Language Selected//---
14:23:24.716 [main] INFO  testCases.TC004_BusinessCoursera - ---//Language Learning Page opened//---
14:23:25.804 [main] INFO  testCases.TC004_BusinessCoursera - ---//Data Captured from Levels//---
14:23:39.442 [main] INFO  testCases.TC004_BusinessCoursera - ---//Data Captured from Languages//---
